<?xml version="1.0" encoding="utf-8"?>
<project xmlns="http://www.plcopen.org/xml/tc6_0200">
  <fileHeader companyName="" productName="CODESYS" productVersion="CODESYS V3.5 SP16 Patch 1" creationDateTime="2022-10-13T18:01:38.0272131" />
  <contentHeader name="Skill-Test-Projekt.project" modificationDateTime="2022-10-12T10:05:12.0722967">
    <coordinateInfo>
      <fbd>
        <scaling x="1" y="1" />
      </fbd>
      <ld>
        <scaling x="1" y="1" />
      </ld>
      <sfc>
        <scaling x="1" y="1" />
      </sfc>
    </coordinateInfo>
    <addData>
      <data name="http://www.3s-software.com/plcopenxml/projectinformation" handleUnknown="implementation">
        <ProjectInformation />
      </data>
    </addData>
  </contentHeader>
  <types>
    <dataTypes />
    <pous />
  </types>
  <instances>
    <configurations>
      <configuration name="Device">
        <resource name="Application">
          <task name="MainTask" interval="PT0.02S" priority="1">
            <pouInstance name="PLC_PRG" typeName="">
              <documentation>
                <xhtml xmlns="http://www.w3.org/1999/xhtml" />
              </documentation>
            </pouInstance>
            <addData>
              <data name="http://www.3s-software.com/plcopenxml/tasksettings" handleUnknown="implementation">
                <TaskSettings KindOfTask="Cyclic" Interval="t#20ms" IntervalUnit="ms" WithinSPSTimeSlicing="true">
                  <Watchdog Enabled="false" TimeUnit="ms" Sensitivity="1" />
                </TaskSettings>
              </data>
              <data name="http://www.3s-software.com/plcopenxml/objectid" handleUnknown="discard">
                <ObjectId>07b6dd10-bccb-4cd3-9fad-99f3afbb569e</ObjectId>
              </data>
            </addData>
          </task>
          <addData>
            <data name="http://www.3s-software.com/plcopenxml/pou" handleUnknown="implementation">
              <pou name="PLC_PRG" pouType="program">
                <interface>
                  <localVars>
                    <variable name="drillingSkill_1">
                      <type>
                        <derived name="DrillingSkill" />
                      </type>
                    </variable>
                    <variable name="punchingSkill_1">
                      <type>
                        <derived name="PunchingSkill" />
                      </type>
                    </variable>
                  </localVars>
                </interface>
                <body>
                  <ST>
                    <xhtml xmlns="http://www.w3.org/1999/xhtml">drillingSkill_1();
punchingSkill_1();
</xhtml>
                  </ST>
                </body>
                <addData>
                  <data name="http://www.3s-software.com/plcopenxml/objectid" handleUnknown="discard">
                    <ObjectId>bf1d6d3f-38c2-4632-b857-3c0aba858bd6</ObjectId>
                  </data>
                </addData>
              </pou>
            </data>
            <data name="http://www.3s-software.com/plcopenxml/pou" handleUnknown="implementation">
              <pou name="DrillingSkill" pouType="functionBlock">
                <interface>
                  <inputVars>
                    <variable name="numberOfHoles">
                      <type>
                        <derived name="PLC2Skill.SkillParameter" />
                      </type>
                      <initialValue>
                        <structValue>
                          <value member="default">
                            <simpleValue value="10" />
                          </value>
                          <value member="name">
                            <simpleValue value="'numberOfHoles'" />
                          </value>
                          <value member="paramType">
                            <simpleValue value="'int'" />
                          </value>
                          <value member="required">
                            <simpleValue value="TRUE" />
                          </value>
                        </structValue>
                      </initialValue>
                    </variable>
                  </inputVars>
                  <outputVars>
                    <variable name="drillingResult">
                      <type>
                        <derived name="PLC2Skill.SkillParameter" />
                      </type>
                      <initialValue>
                        <structValue>
                          <value member="default">
                            <simpleValue value="0" />
                          </value>
                          <value member="name">
                            <simpleValue value="'drillingResult'" />
                          </value>
                          <value member="paramType">
                            <simpleValue value="'bool'" />
                          </value>
                          <value member="required">
                            <simpleValue value="TRUE" />
                          </value>
                        </structValue>
                      </initialValue>
                    </variable>
                  </outputVars>
                  <addData>
                    <data name="http://www.3s-software.com/plcopenxml/pouinheritance" handleUnknown="implementation">
                      <Inheritance>
                        <Extends>PLC2Skill.Skill</Extends>
                      </Inheritance>
                    </data>
                  </addData>
                </interface>
                <body>
                  <ST>
                    <xhtml xmlns="http://www.w3.org/1999/xhtml" />
                  </ST>
                </body>
                <addData>
                  <data name="http://www.3s-software.com/plcopenxml/method" handleUnknown="implementation">
                    <Method name="execute" ObjectId="da9d0292-cd3e-4a7a-b8e7-17d0e3de2dfa">
                      <interface>
                        <returnType>
                          <BOOL />
                        </returnType>
                      </interface>
                      <body>
                        <ST>
                          <xhtml xmlns="http://www.w3.org/1999/xhtml">THIS^.drillingResult.value := TO_INT(true);</xhtml>
                        </ST>
                      </body>
                      <addData />
                    </Method>
                  </data>
                  <data name="http://www.3s-software.com/plcopenxml/method" handleUnknown="implementation">
                    <Method name="resetting" ObjectId="0c951780-5b51-4f7c-8c46-f85f7b4a7f07">
                      <interface>
                        <returnType>
                          <BOOL />
                        </returnType>
                      </interface>
                      <body>
                        <ST>
                          <xhtml xmlns="http://www.w3.org/1999/xhtml">THIS^.drillingResult.value := TO_INT(false);</xhtml>
                        </ST>
                      </body>
                      <addData />
                    </Method>
                  </data>
                  <data name="http://www.3s-software.com/plcopenxml/objectid" handleUnknown="discard">
                    <ObjectId>80fe7e0c-b17d-4f7e-bfe2-bdf203c5427a</ObjectId>
                  </data>
                </addData>
              </pou>
            </data>
            <data name="http://www.3s-software.com/plcopenxml/pou" handleUnknown="implementation">
              <pou name="PunchingSkill" pouType="functionBlock">
                <interface>
                  <inputVars>
                    <variable name="numberOfHoles">
                      <type>
                        <derived name="PLC2Skill.SkillParameter" />
                      </type>
                      <initialValue>
                        <structValue>
                          <value member="default">
                            <simpleValue value="10" />
                          </value>
                          <value member="name">
                            <simpleValue value="'numberOfHoles'" />
                          </value>
                          <value member="paramType">
                            <simpleValue value="'int'" />
                          </value>
                          <value member="required">
                            <simpleValue value="TRUE" />
                          </value>
                        </structValue>
                      </initialValue>
                    </variable>
                  </inputVars>
                  <outputVars>
                    <variable name="drillingResult">
                      <type>
                        <derived name="PLC2Skill.SkillParameter" />
                      </type>
                      <initialValue>
                        <structValue>
                          <value member="default">
                            <simpleValue value="0" />
                          </value>
                          <value member="name">
                            <simpleValue value="'drillingResult'" />
                          </value>
                          <value member="paramType">
                            <simpleValue value="'bool'" />
                          </value>
                          <value member="required">
                            <simpleValue value="TRUE" />
                          </value>
                        </structValue>
                      </initialValue>
                    </variable>
                  </outputVars>
                  <addData>
                    <data name="http://www.3s-software.com/plcopenxml/pouinheritance" handleUnknown="implementation">
                      <Inheritance>
                        <Extends>PLC2Skill.Skill</Extends>
                      </Inheritance>
                    </data>
                  </addData>
                </interface>
                <body>
                  <ST>
                    <xhtml xmlns="http://www.w3.org/1999/xhtml" />
                  </ST>
                </body>
                <addData>
                  <data name="http://www.3s-software.com/plcopenxml/method" handleUnknown="implementation">
                    <Method name="execute" ObjectId="00540ede-4d93-471e-add5-4e0ce9963ed2">
                      <interface>
                        <returnType>
                          <BOOL />
                        </returnType>
                      </interface>
                      <body>
                        <ST>
                          <xhtml xmlns="http://www.w3.org/1999/xhtml">THIS^.drillingResult.value := TO_INT(true);</xhtml>
                        </ST>
                      </body>
                      <addData />
                    </Method>
                  </data>
                  <data name="http://www.3s-software.com/plcopenxml/method" handleUnknown="implementation">
                    <Method name="resetting" ObjectId="a7c7c691-1a84-4260-9e99-15f417981bc2">
                      <interface>
                        <returnType>
                          <BOOL />
                        </returnType>
                      </interface>
                      <body>
                        <ST>
                          <xhtml xmlns="http://www.w3.org/1999/xhtml">THIS^.drillingResult.value := TO_INT(false);</xhtml>
                        </ST>
                      </body>
                      <addData />
                    </Method>
                  </data>
                  <data name="http://www.3s-software.com/plcopenxml/objectid" handleUnknown="discard">
                    <ObjectId>6b132101-3919-4ce9-b0bc-5a90fa160706</ObjectId>
                  </data>
                </addData>
              </pou>
            </data>
            <data name="http://www.3s-software.com/plcopenxml/libraries" handleUnknown="implementation">
              <Libraries>
                <Library Name="#IoStandard" Namespace="IoStandard" HideWhenReferencedAsDependency="false" PublishSymbolsInContainer="false" SystemLibrary="true" LinkAllContent="true" DefaultResolution="IoStandard, 3.5.16.0 (System)" />
                <Library Name="#3SLicense" Namespace="_3S_LICENSE" HideWhenReferencedAsDependency="false" PublishSymbolsInContainer="false" SystemLibrary="true" LinkAllContent="false" DefaultResolution="3SLicense, 0.0.0.0 (3S - Smart Software Solutions GmbH)" ResolverGuid="97c3b452-d9fa-4ac2-9d0c-3d420aa6d95b" />
                <Library Name="#CAA Device Diagnosis" Namespace="DED" HideWhenReferencedAsDependency="false" PublishSymbolsInContainer="false" SystemLibrary="true" LinkAllContent="false" DefaultResolution="CAA Device Diagnosis, 3.5.15.0 (CAA Technical Workgroup)" />
                <Library Name="#Standard" Namespace="Standard" HideWhenReferencedAsDependency="false" PublishSymbolsInContainer="false" SystemLibrary="false" LinkAllContent="false" DefaultResolution="Standard, * (System)" />
                <Library Name="#BreakpointLogging" Namespace="BPLog" HideWhenReferencedAsDependency="false" PublishSymbolsInContainer="false" SystemLibrary="true" LinkAllContent="false" DefaultResolution="Breakpoint Logging Functions, 3.5.5.0 (3S - Smart Software Solutions GmbH)" />
                <Library Name="Skill-Library, 3.0 (Helmut-Schmidt-University)" Namespace="PLC2Skill" HideWhenReferencedAsDependency="false" PublishSymbolsInContainer="false" SystemLibrary="false" LinkAllContent="false" />
                <Library Name="#IecVarAccess" Namespace="IecVarAccessLibrary" HideWhenReferencedAsDependency="false" PublishSymbolsInContainer="false" SystemLibrary="true" LinkAllContent="false" DefaultResolution="IecVarAccess, 3.3.1.20 (System)" />
                <addData>
                  <data name="http://www.3s-software.com/plcopenxml/objectid" handleUnknown="discard">
                    <ObjectId>3f6067cd-83f7-4ed2-a9e3-ae0a9a3e1b87</ObjectId>
                  </data>
                </addData>
              </Libraries>
            </data>
            <data name="http://www.3s-software.com/plcopenxml/objectid" handleUnknown="discard">
              <ObjectId>fe9b26e9-58e0-48bf-a682-96fbbe0e735d</ObjectId>
            </data>
          </addData>
        </resource>
        <addData>
          <data name="Device" handleUnknown="discard">
            <Device xmlns:xsd="http://www.w3.org/2001/XMLSchema" xmlns:xsi="http://www.w3.org/2001/XMLSchema-instance" xmlns="">
              <DeviceType>
                <DeviceIdentification>
                  <Type>4096</Type>
                  <Id>0000 0004</Id>
                  <Version>3.5.16.10</Version>
                </DeviceIdentification>
                <Connector moduleType="256" interface="Common.PCI" connectorId="0">
                  <HostParameterSet />
                </Connector>
                <Connector moduleType="769" interface="SafetyInterface" connectorId="1">
                  <HostParameterSet />
                </Connector>
                <DeviceParameterSet />
              </DeviceType>
            </Device>
          </data>
          <data name="configurations" handleUnknown="discard">
            <configurations />
          </data>
          <data name="http://www.3s-software.com/plcopenxml/objectid" handleUnknown="discard">
            <ObjectId>df74ab5b-d609-44d9-ab8f-88ba04e39bc0</ObjectId>
          </data>
        </addData>
      </configuration>
    </configurations>
  </instances>
  <addData>
    <data name="http://www.3s-software.com/plcopenxml/projectstructure" handleUnknown="discard">
      <ProjectStructure>
        <Object Name="Device" ObjectId="df74ab5b-d609-44d9-ab8f-88ba04e39bc0">
          <Object Name="Application" ObjectId="fe9b26e9-58e0-48bf-a682-96fbbe0e735d">
            <Object Name="Bibliotheksverwalter" ObjectId="3f6067cd-83f7-4ed2-a9e3-ae0a9a3e1b87" />
            <Object Name="PLC_PRG" ObjectId="bf1d6d3f-38c2-4632-b857-3c0aba858bd6" />
            <Object Name="MainTask" ObjectId="07b6dd10-bccb-4cd3-9fad-99f3afbb569e" />
            <Object Name="DrillingSkill" ObjectId="80fe7e0c-b17d-4f7e-bfe2-bdf203c5427a">
              <Object Name="execute" ObjectId="da9d0292-cd3e-4a7a-b8e7-17d0e3de2dfa" />
              <Object Name="resetting" ObjectId="0c951780-5b51-4f7c-8c46-f85f7b4a7f07" />
            </Object>
            <Object Name="PunchingSkill" ObjectId="6b132101-3919-4ce9-b0bc-5a90fa160706">
              <Object Name="execute" ObjectId="00540ede-4d93-471e-add5-4e0ce9963ed2" />
              <Object Name="resetting" ObjectId="a7c7c691-1a84-4260-9e99-15f417981bc2" />
            </Object>
          </Object>
        </Object>
      </ProjectStructure>
    </data>
  </addData>
</project>